<?xml version="1.0" encoding="UTF-8"?>
<coverage generated="1679247731118" clover="3.2.0">
  <project timestamp="1679247731118" name="All files">
    <metrics statements="42" coveredstatements="41" conditionals="8" coveredconditionals="7" methods="19" coveredmethods="19" elements="69" coveredelements="67" complexity="0" loc="42" ncloc="42" packages="10" files="11" classes="11"/>
    <package name="src">
      <metrics statements="3" coveredstatements="3" conditionals="2" coveredconditionals="2" methods="0" coveredmethods="0"/>
      <file name="main.tsx" path="/home/fox/Документы/react-course/React. Components/src/main.tsx">
        <metrics statements="3" coveredstatements="3" conditionals="2" coveredconditionals="2" methods="0" coveredmethods="0"/>
        <line num="14" count="1" type="stmt"/>
        <line num="22" count="1" type="stmt"/>
        <line num="24" count="1" type="stmt"/>
      </file>
    </package>
    <package name="src.Content">
      <metrics statements="2" coveredstatements="2" conditionals="0" coveredconditionals="0" methods="2" coveredmethods="2"/>
      <file name="Content.tsx" path="/home/fox/Документы/react-course/React. Components/src/Content/Content.tsx">
        <metrics statements="2" coveredstatements="2" conditionals="0" coveredconditionals="0" methods="2" coveredmethods="2"/>
        <line num="8" count="3" type="stmt"/>
        <line num="12" count="5" type="stmt"/>
      </file>
    </package>
    <package name="src.Content.Header">
      <metrics statements="6" coveredstatements="6" conditionals="0" coveredconditionals="0" methods="3" coveredmethods="3"/>
      <file name="Header.tsx" path="/home/fox/Документы/react-course/React. Components/src/Content/Header/Header.tsx">
        <metrics statements="6" coveredstatements="6" conditionals="0" coveredconditionals="0" methods="3" coveredmethods="3"/>
        <line num="5" count="1" type="stmt"/>
        <line num="13" count="3" type="stmt"/>
        <line num="17" count="5" type="stmt"/>
        <line num="18" count="5" type="stmt"/>
        <line num="19" count="5" type="stmt"/>
        <line num="24" count="15" type="stmt"/>
      </file>
    </package>
    <package name="src.Content.Page">
      <metrics statements="13" coveredstatements="12" conditionals="4" coveredconditionals="3" methods="3" coveredmethods="3"/>
      <file name="Page.tsx" path="/home/fox/Документы/react-course/React. Components/src/Content/Page/Page.tsx">
        <metrics statements="13" coveredstatements="12" conditionals="4" coveredconditionals="3" methods="3" coveredmethods="3"/>
        <line num="9" count="3" type="stmt"/>
        <line num="10" count="3" type="stmt"/>
        <line num="14" count="5" type="stmt"/>
        <line num="15" count="5" type="cond" truecount="3" falsecount="1"/>
        <line num="17" count="3" type="stmt"/>
        <line num="18" count="3" type="stmt"/>
        <line num="20" count="1" type="stmt"/>
        <line num="21" count="1" type="stmt"/>
        <line num="23" count="1" type="stmt"/>
        <line num="24" count="1" type="stmt"/>
        <line num="26" count="0" type="stmt"/>
        <line num="28" count="5" type="stmt"/>
        <line num="32" count="5" type="stmt"/>
      </file>
    </package>
    <package name="src.Content.Page.AboutPage">
      <metrics statements="1" coveredstatements="1" conditionals="0" coveredconditionals="0" methods="1" coveredmethods="1"/>
      <file name="AboutPage.tsx" path="/home/fox/Документы/react-course/React. Components/src/Content/Page/AboutPage/AboutPage.tsx">
        <metrics statements="1" coveredstatements="1" conditionals="0" coveredconditionals="0" methods="1" coveredmethods="1"/>
        <line num="5" count="1" type="stmt"/>
      </file>
    </package>
    <package name="src.Content.Page.ErrorPage">
      <metrics statements="1" coveredstatements="1" conditionals="0" coveredconditionals="0" methods="1" coveredmethods="1"/>
      <file name="ErrorPage.tsx" path="/home/fox/Документы/react-course/React. Components/src/Content/Page/ErrorPage/ErrorPage.tsx">
        <metrics statements="1" coveredstatements="1" conditionals="0" coveredconditionals="0" methods="1" coveredmethods="1"/>
        <line num="5" count="1" type="stmt"/>
      </file>
    </package>
    <package name="src.Content.Page.MainPage">
      <metrics statements="1" coveredstatements="1" conditionals="0" coveredconditionals="0" methods="1" coveredmethods="1"/>
      <file name="MainPage.tsx" path="/home/fox/Документы/react-course/React. Components/src/Content/Page/MainPage/MainPage.tsx">
        <metrics statements="1" coveredstatements="1" conditionals="0" coveredconditionals="0" methods="1" coveredmethods="1"/>
        <line num="7" count="3" type="stmt"/>
      </file>
    </package>
    <package name="src.Content.Page.MainPage.CardList">
      <metrics statements="5" coveredstatements="5" conditionals="0" coveredconditionals="0" methods="2" coveredmethods="2"/>
      <file name="CardList.tsx" path="/home/fox/Документы/react-course/React. Components/src/Content/Page/MainPage/CardList/CardList.tsx">
        <metrics statements="2" coveredstatements="2" conditionals="0" coveredconditionals="0" methods="2" coveredmethods="2"/>
        <line num="8" count="3" type="stmt"/>
        <line num="11" count="57" type="stmt"/>
      </file>
      <file name="dataCard.tsx" path="/home/fox/Документы/react-course/React. Components/src/Content/Page/MainPage/CardList/dataCard.tsx">
        <metrics statements="3" coveredstatements="3" conditionals="0" coveredconditionals="0" methods="0" coveredmethods="0"/>
        <line num="11" count="1" type="stmt"/>
        <line num="13" count="1" type="stmt"/>
        <line num="14" count="19" type="stmt"/>
      </file>
    </package>
    <package name="src.Content.Page.MainPage.CardList.Card">
      <metrics statements="3" coveredstatements="3" conditionals="0" coveredconditionals="0" methods="2" coveredmethods="2"/>
      <file name="Card.tsx" path="/home/fox/Документы/react-course/React. Components/src/Content/Page/MainPage/CardList/Card/Card.tsx">
        <metrics statements="3" coveredstatements="3" conditionals="0" coveredconditionals="0" methods="2" coveredmethods="2"/>
        <line num="7" count="57" type="stmt"/>
        <line num="11" count="57" type="stmt"/>
        <line num="12" count="57" type="stmt"/>
      </file>
    </package>
    <package name="src.Content.Page.MainPage.SearchBar">
      <metrics statements="7" coveredstatements="7" conditionals="2" coveredconditionals="2" methods="4" coveredmethods="4"/>
      <file name="SearchBar.tsx" path="/home/fox/Документы/react-course/React. Components/src/Content/Page/MainPage/SearchBar/SearchBar.tsx">
        <metrics statements="7" coveredstatements="7" conditionals="2" coveredconditionals="2" methods="4" coveredmethods="4"/>
        <line num="5" count="1" type="stmt"/>
        <line num="8" count="3" type="stmt"/>
        <line num="9" count="3" type="cond" truecount="2" falsecount="0"/>
        <line num="10" count="3" type="stmt"/>
        <line num="14" count="4" type="stmt"/>
        <line num="22" count="1" type="stmt"/>
        <line num="31" count="1" type="stmt"/>
      </file>
    </package>
  </project>
</coverage>
