{"/home/fox/Документы/react-course/React. Components/src/main.tsx": {"path":"/home/fox/Документы/react-course/React. Components/src/main.tsx","statementMap":{"0":{"start":{"line":14,"column":2},"end":{"line":19,"column":5}},"1":{"start":{"line":22,"column":22},"end":{"line":22,"column":75}},"2":{"start":{"line":24,"column":0},"end":{"line":30,"column":2}}},"fnMap":{},"branchMap":{"0":{"loc":{"start":{"line":25,"column":2},"end":{"line":25,"column":83}},"type":"binary-expr","locations":[{"start":{"line":25,"column":3},"end":{"line":25,"column":49}},{"start":{"line":25,"column":54},"end":{"line":25,"column":83}}],"line":25}},"s":{"0":1,"1":1,"2":1},"f":{},"b":{"0":[1,1]},"_coverageSchema":"1a1c01bbd47fc00a2c39e90264f33305004495a9","hash":"915a84fb531c9dc01ab4e6226f93f0aed4a2a6d4"}
,"/home/fox/Документы/react-course/React. Components/src/Content/Content.tsx": {"path":"/home/fox/Документы/react-course/React. Components/src/Content/Content.tsx","statementMap":{"0":{"start":{"line":8,"column":4},"end":{"line":8,"column":17}},"1":{"start":{"line":12,"column":4},"end":{"line":17,"column":6}}},"fnMap":{"0":{"name":"(anonymous_0)","decl":{"start":{"line":7,"column":2},"end":{"line":7,"column":3}},"loc":{"start":{"line":7,"column":39},"end":{"line":9,"column":3}},"line":7},"1":{"name":"(anonymous_1)","decl":{"start":{"line":11,"column":2},"end":{"line":11,"column":3}},"loc":{"start":{"line":11,"column":11},"end":{"line":18,"column":3}},"line":11}},"branchMap":{},"s":{"0":3,"1":5},"f":{"0":3,"1":5},"b":{},"_coverageSchema":"1a1c01bbd47fc00a2c39e90264f33305004495a9","hash":"b005ab23c75421a0c915e8ef818074e00b20e95b"}
,"/home/fox/Документы/react-course/React. Components/src/Content/Header/Header.tsx": {"path":"/home/fox/Документы/react-course/React. Components/src/Content/Header/Header.tsx","statementMap":{"0":{"start":{"line":5,"column":14},"end":{"line":9,"column":1}},"1":{"start":{"line":13,"column":4},"end":{"line":13,"column":17}},"2":{"start":{"line":17,"column":16},"end":{"line":17,"column":31}},"3":{"start":{"line":18,"column":21},"end":{"line":18,"column":72}},"4":{"start":{"line":19,"column":4},"end":{"line":30,"column":6}},"5":{"start":{"line":24,"column":12},"end":{"line":26,"column":19}}},"fnMap":{"0":{"name":"(anonymous_0)","decl":{"start":{"line":12,"column":2},"end":{"line":12,"column":3}},"loc":{"start":{"line":12,"column":39},"end":{"line":14,"column":3}},"line":12},"1":{"name":"(anonymous_1)","decl":{"start":{"line":16,"column":2},"end":{"line":16,"column":3}},"loc":{"start":{"line":16,"column":11},"end":{"line":31,"column":3}},"line":16},"2":{"name":"(anonymous_2)","decl":{"start":{"line":23,"column":37},"end":{"line":23,"column":38}},"loc":{"start":{"line":24,"column":12},"end":{"line":26,"column":19}},"line":24}},"branchMap":{},"s":{"0":1,"1":3,"2":5,"3":5,"4":5,"5":15},"f":{"0":3,"1":5,"2":15},"b":{},"_coverageSchema":"1a1c01bbd47fc00a2c39e90264f33305004495a9","hash":"d366433f385d374041be8bb341c99825ea477766"}
,"/home/fox/Документы/react-course/React. Components/src/Content/Page/Page.tsx": {"path":"/home/fox/Документы/react-course/React. Components/src/Content/Page/Page.tsx","statementMap":{"0":{"start":{"line":9,"column":4},"end":{"line":9,"column":17}},"1":{"start":{"line":10,"column":4},"end":{"line":10,"column":57}},"2":{"start":{"line":14,"column":39},"end":{"line":14,"column":44}},"3":{"start":{"line":15,"column":4},"end":{"line":27,"column":5}},"4":{"start":{"line":17,"column":8},"end":{"line":17,"column":39}},"5":{"start":{"line":18,"column":8},"end":{"line":18,"column":14}},"6":{"start":{"line":20,"column":8},"end":{"line":20,"column":40}},"7":{"start":{"line":21,"column":8},"end":{"line":21,"column":14}},"8":{"start":{"line":23,"column":8},"end":{"line":23,"column":40}},"9":{"start":{"line":24,"column":8},"end":{"line":24,"column":14}},"10":{"start":{"line":26,"column":8},"end":{"line":26,"column":14}},"11":{"start":{"line":28,"column":4},"end":{"line":28,"column":27}},"12":{"start":{"line":32,"column":4},"end":{"line":32,"column":63}}},"fnMap":{"0":{"name":"(anonymous_0)","decl":{"start":{"line":8,"column":2},"end":{"line":8,"column":3}},"loc":{"start":{"line":8,"column":39},"end":{"line":11,"column":3}},"line":8},"1":{"name":"(anonymous_1)","decl":{"start":{"line":13,"column":2},"end":{"line":13,"column":3}},"loc":{"start":{"line":13,"column":32},"end":{"line":29,"column":3}},"line":13},"2":{"name":"(anonymous_2)","decl":{"start":{"line":31,"column":2},"end":{"line":31,"column":3}},"loc":{"start":{"line":31,"column":11},"end":{"line":33,"column":3}},"line":31}},"branchMap":{"0":{"loc":{"start":{"line":15,"column":4},"end":{"line":27,"column":5}},"type":"switch","locations":[{"start":{"line":16,"column":6},"end":{"line":18,"column":14}},{"start":{"line":19,"column":6},"end":{"line":21,"column":14}},{"start":{"line":22,"column":6},"end":{"line":24,"column":14}},{"start":{"line":25,"column":6},"end":{"line":26,"column":14}}],"line":15}},"s":{"0":3,"1":3,"2":5,"3":5,"4":3,"5":3,"6":1,"7":1,"8":1,"9":1,"10":0,"11":5,"12":5},"f":{"0":3,"1":5,"2":5},"b":{"0":[3,1,1,0]},"_coverageSchema":"1a1c01bbd47fc00a2c39e90264f33305004495a9","hash":"6e83172e472066361fbfad72d2833de4be115265"}
,"/home/fox/Документы/react-course/React. Components/src/Content/Page/AboutPage/AboutPage.tsx": {"path":"/home/fox/Документы/react-course/React. Components/src/Content/Page/AboutPage/AboutPage.tsx","statementMap":{"0":{"start":{"line":5,"column":4},"end":{"line":5,"column":28}}},"fnMap":{"0":{"name":"(anonymous_0)","decl":{"start":{"line":4,"column":2},"end":{"line":4,"column":3}},"loc":{"start":{"line":4,"column":11},"end":{"line":6,"column":3}},"line":4}},"branchMap":{},"s":{"0":1},"f":{"0":1},"b":{},"_coverageSchema":"1a1c01bbd47fc00a2c39e90264f33305004495a9","hash":"2372ca72488f79c1453a51b8e0695ebe2ec16b30"}
,"/home/fox/Документы/react-course/React. Components/src/Content/Page/ErrorPage/ErrorPage.tsx": {"path":"/home/fox/Документы/react-course/React. Components/src/Content/Page/ErrorPage/ErrorPage.tsx","statementMap":{"0":{"start":{"line":5,"column":4},"end":{"line":5,"column":57}}},"fnMap":{"0":{"name":"(anonymous_0)","decl":{"start":{"line":4,"column":2},"end":{"line":4,"column":3}},"loc":{"start":{"line":4,"column":11},"end":{"line":6,"column":3}},"line":4}},"branchMap":{},"s":{"0":1},"f":{"0":1},"b":{},"_coverageSchema":"1a1c01bbd47fc00a2c39e90264f33305004495a9","hash":"4c702323b2bbaa21faed96307252d4c0d0031454"}
,"/home/fox/Документы/react-course/React. Components/src/Content/Page/MainPage/MainPage.tsx": {"path":"/home/fox/Документы/react-course/React. Components/src/Content/Page/MainPage/MainPage.tsx","statementMap":{"0":{"start":{"line":7,"column":4},"end":{"line":12,"column":6}}},"fnMap":{"0":{"name":"(anonymous_0)","decl":{"start":{"line":6,"column":2},"end":{"line":6,"column":3}},"loc":{"start":{"line":6,"column":11},"end":{"line":13,"column":3}},"line":6}},"branchMap":{},"s":{"0":3},"f":{"0":3},"b":{},"_coverageSchema":"1a1c01bbd47fc00a2c39e90264f33305004495a9","hash":"77a1112100131bc382a81ab2e6573c816bdbaf3a"}
,"/home/fox/Документы/react-course/React. Components/src/Content/Page/MainPage/CardList/CardList.tsx": {"path":"/home/fox/Документы/react-course/React. Components/src/Content/Page/MainPage/CardList/CardList.tsx","statementMap":{"0":{"start":{"line":8,"column":4},"end":{"line":14,"column":6}},"1":{"start":{"line":11,"column":10},"end":{"line":11,"column":39}}},"fnMap":{"0":{"name":"(anonymous_0)","decl":{"start":{"line":7,"column":2},"end":{"line":7,"column":3}},"loc":{"start":{"line":7,"column":11},"end":{"line":15,"column":3}},"line":7},"1":{"name":"(anonymous_1)","decl":{"start":{"line":10,"column":18},"end":{"line":10,"column":19}},"loc":{"start":{"line":11,"column":10},"end":{"line":11,"column":39}},"line":11}},"branchMap":{},"s":{"0":3,"1":57},"f":{"0":3,"1":57},"b":{},"_coverageSchema":"1a1c01bbd47fc00a2c39e90264f33305004495a9","hash":"4bec56a97b26e8246406851e0320d6dc7574596e"}
,"/home/fox/Документы/react-course/React. Components/src/Content/Page/MainPage/CardList/dataCard.tsx": {"path":"/home/fox/Документы/react-course/React. Components/src/Content/Page/MainPage/CardList/dataCard.tsx","statementMap":{"0":{"start":{"line":11,"column":31},"end":{"line":11,"column":33}},"1":{"start":{"line":13,"column":0},"end":{"line":23,"column":1}},"2":{"start":{"line":13,"column":13},"end":{"line":13,"column":14}},"3":{"start":{"line":14,"column":2},"end":{"line":22,"column":5}}},"fnMap":{},"branchMap":{},"s":{"0":1,"1":1,"2":1,"3":19},"f":{},"b":{},"_coverageSchema":"1a1c01bbd47fc00a2c39e90264f33305004495a9","hash":"9eec03a3ec1659afba64b197266187aff4f99558"}
,"/home/fox/Документы/react-course/React. Components/src/Content/Page/MainPage/CardList/Card/Card.tsx": {"path":"/home/fox/Документы/react-course/React. Components/src/Content/Page/MainPage/CardList/Card/Card.tsx","statementMap":{"0":{"start":{"line":7,"column":4},"end":{"line":7,"column":17}},"1":{"start":{"line":11,"column":62},"end":{"line":11,"column":76}},"2":{"start":{"line":12,"column":4},"end":{"line":31,"column":6}}},"fnMap":{"0":{"name":"(anonymous_0)","decl":{"start":{"line":6,"column":2},"end":{"line":6,"column":3}},"loc":{"start":{"line":6,"column":39},"end":{"line":8,"column":3}},"line":6},"1":{"name":"(anonymous_1)","decl":{"start":{"line":10,"column":2},"end":{"line":10,"column":3}},"loc":{"start":{"line":10,"column":11},"end":{"line":32,"column":3}},"line":10}},"branchMap":{},"s":{"0":57,"1":57,"2":57},"f":{"0":57,"1":57},"b":{},"_coverageSchema":"1a1c01bbd47fc00a2c39e90264f33305004495a9","hash":"2eb522798e1ef0972c61c2ea51aac359c35633ca"}
,"/home/fox/Документы/react-course/React. Components/src/Content/Page/MainPage/SearchBar/SearchBar.tsx": {"path":"/home/fox/Документы/react-course/React. Components/src/Content/Page/MainPage/SearchBar/SearchBar.tsx","statementMap":{"0":{"start":{"line":5,"column":15},"end":{"line":5,"column":31}},"1":{"start":{"line":8,"column":4},"end":{"line":8,"column":17}},"2":{"start":{"line":9,"column":16},"end":{"line":9,"column":57}},"3":{"start":{"line":10,"column":4},"end":{"line":10,"column":31}},"4":{"start":{"line":14,"column":4},"end":{"line":27,"column":6}},"5":{"start":{"line":22,"column":12},"end":{"line":22,"column":56}},"6":{"start":{"line":31,"column":4},"end":{"line":31,"column":57}}},"fnMap":{"0":{"name":"(anonymous_0)","decl":{"start":{"line":7,"column":2},"end":{"line":7,"column":3}},"loc":{"start":{"line":7,"column":29},"end":{"line":11,"column":3}},"line":7},"1":{"name":"(anonymous_1)","decl":{"start":{"line":13,"column":2},"end":{"line":13,"column":3}},"loc":{"start":{"line":13,"column":11},"end":{"line":28,"column":3}},"line":13},"2":{"name":"(anonymous_2)","decl":{"start":{"line":21,"column":20},"end":{"line":21,"column":21}},"loc":{"start":{"line":21,"column":31},"end":{"line":23,"column":11}},"line":21},"3":{"name":"(anonymous_3)","decl":{"start":{"line":30,"column":2},"end":{"line":30,"column":3}},"loc":{"start":{"line":30,"column":25},"end":{"line":32,"column":3}},"line":30}},"branchMap":{"0":{"loc":{"start":{"line":9,"column":16},"end":{"line":9,"column":57}},"type":"binary-expr","locations":[{"start":{"line":9,"column":16},"end":{"line":9,"column":51}},{"start":{"line":9,"column":55},"end":{"line":9,"column":57}}],"line":9}},"s":{"0":1,"1":3,"2":3,"3":3,"4":4,"5":1,"6":1},"f":{"0":3,"1":4,"2":1,"3":1},"b":{"0":[3,3]},"_coverageSchema":"1a1c01bbd47fc00a2c39e90264f33305004495a9","hash":"7811b2adb28b7727e108665f8f1cb909dafdd517"}
}
