TN:
SF:src/main.tsx
FNF:0
FNH:0
DA:14,1
DA:22,1
DA:24,1
LF:3
LH:3
BRDA:25,0,0,1
BRDA:25,0,1,1
BRF:2
BRH:2
end_of_record
TN:
SF:src/Content/Content.tsx
FN:7,(anonymous_0)
FN:11,(anonymous_1)
FNF:2
FNH:2
FNDA:3,(anonymous_0)
FNDA:5,(anonymous_1)
DA:8,3
DA:12,5
LF:2
LH:2
BRF:0
BRH:0
end_of_record
TN:
SF:src/Content/Header/Header.tsx
FN:12,(anonymous_0)
FN:16,(anonymous_1)
FN:23,(anonymous_2)
FNF:3
FNH:3
FNDA:3,(anonymous_0)
FNDA:5,(anonymous_1)
FNDA:15,(anonymous_2)
DA:5,1
DA:13,3
DA:17,5
DA:18,5
DA:19,5
DA:24,15
LF:6
LH:6
BRF:0
BRH:0
end_of_record
TN:
SF:src/Content/Page/Page.tsx
FN:8,(anonymous_0)
FN:13,(anonymous_1)
FN:31,(anonymous_2)
FNF:3
FNH:3
FNDA:3,(anonymous_0)
FNDA:5,(anonymous_1)
FNDA:5,(anonymous_2)
DA:9,3
DA:10,3
DA:14,5
DA:15,5
DA:17,3
DA:18,3
DA:20,1
DA:21,1
DA:23,1
DA:24,1
DA:26,0
DA:28,5
DA:32,5
LF:13
LH:12
BRDA:15,0,0,3
BRDA:15,0,1,1
BRDA:15,0,2,1
BRDA:15,0,3,0
BRF:4
BRH:3
end_of_record
TN:
SF:src/Content/Page/AboutPage/AboutPage.tsx
FN:4,(anonymous_0)
FNF:1
FNH:1
FNDA:1,(anonymous_0)
DA:5,1
LF:1
LH:1
BRF:0
BRH:0
end_of_record
TN:
SF:src/Content/Page/ErrorPage/ErrorPage.tsx
FN:4,(anonymous_0)
FNF:1
FNH:1
FNDA:1,(anonymous_0)
DA:5,1
LF:1
LH:1
BRF:0
BRH:0
end_of_record
TN:
SF:src/Content/Page/MainPage/MainPage.tsx
FN:6,(anonymous_0)
FNF:1
FNH:1
FNDA:3,(anonymous_0)
DA:7,3
LF:1
LH:1
BRF:0
BRH:0
end_of_record
TN:
SF:src/Content/Page/MainPage/CardList/CardList.tsx
FN:7,(anonymous_0)
FN:10,(anonymous_1)
FNF:2
FNH:2
FNDA:3,(anonymous_0)
FNDA:57,(anonymous_1)
DA:8,3
DA:11,57
LF:2
LH:2
BRF:0
BRH:0
end_of_record
TN:
SF:src/Content/Page/MainPage/CardList/dataCard.tsx
FNF:0
FNH:0
DA:11,1
DA:13,1
DA:14,19
LF:3
LH:3
BRF:0
BRH:0
end_of_record
TN:
SF:src/Content/Page/MainPage/CardList/Card/Card.tsx
FN:6,(anonymous_0)
FN:10,(anonymous_1)
FNF:2
FNH:2
FNDA:57,(anonymous_0)
FNDA:57,(anonymous_1)
DA:7,57
DA:11,57
DA:12,57
LF:3
LH:3
BRF:0
BRH:0
end_of_record
TN:
SF:src/Content/Page/MainPage/SearchBar/SearchBar.tsx
FN:7,(anonymous_0)
FN:13,(anonymous_1)
FN:21,(anonymous_2)
FN:30,(anonymous_3)
FNF:4
FNH:4
FNDA:3,(anonymous_0)
FNDA:4,(anonymous_1)
FNDA:1,(anonymous_2)
FNDA:1,(anonymous_3)
DA:5,1
DA:8,3
DA:9,3
DA:10,3
DA:14,4
DA:22,1
DA:31,1
LF:7
LH:7
BRDA:9,0,0,3
BRDA:9,0,1,3
BRF:2
BRH:2
end_of_record
